<?xml version="1.0" encoding="utf-8"?>
<CoverageSession xmlns:xsd="http://www.w3.org/2001/XMLSchema" xmlns:xsi="http://www.w3.org/2001/XMLSchema-instance" Version="4.7.922.0">
  <Summary numSequencePoints="101" visitedSequencePoints="101" numBranchPoints="25" visitedBranchPoints="25" sequenceCoverage="100" branchCoverage="100" maxCyclomaticComplexity="10" minCyclomaticComplexity="1" maxCrapScore="10" minCrapScore="1" visitedClasses="2" numClasses="2" visitedMethods="7" numMethods="7" />
  <Modules>
    <Module hash="50-C8-EF-CD-34-90-C4-BF-64-DB-FC-F2-B6-3C-B4-53-3C-82-72-C9">
      <Summary numSequencePoints="35" visitedSequencePoints="35" numBranchPoints="5" visitedBranchPoints="5" sequenceCoverage="100" branchCoverage="100" maxCyclomaticComplexity="1" minCyclomaticComplexity="0" maxCrapScore="2" minCrapScore="0" visitedClasses="1" numClasses="1" visitedMethods="5" numMethods="5" />
      <ModulePath>C:\Users\Admin\Desktop\Framework-Projects\Sum\PearsonCorrelationTest\bin\Debug\fine-code-coverage\build-output\PearsonCorrelationTest.dll</ModulePath>
      <ModuleTime>2022-09-27T11:56:13.7693518Z</ModuleTime>
      <ModuleName>PearsonCorrelationTest</ModuleName>
      <Files>
        <File uid="1" fullPath="C:\Users\Admin\Desktop\Framework-Projects\Sum\PearsonCorrelationTest\UnitTest1.cs" />
      </Files>
      <Classes>
        <Class>
          <Summary numSequencePoints="35" visitedSequencePoints="35" numBranchPoints="5" visitedBranchPoints="5" sequenceCoverage="100" branchCoverage="100" maxCyclomaticComplexity="1" minCyclomaticComplexity="1" maxCrapScore="2" minCrapScore="1" visitedClasses="1" numClasses="1" visitedMethods="5" numMethods="5" />
          <FullName>PearsonCorrelationTest.UnitTest1</FullName>
          <Methods>
            <Method visited="true" cyclomaticComplexity="1" nPathComplexity="0" sequenceCoverage="100" branchCoverage="100" crapScore="1" isConstructor="false" isStatic="false" isGetter="false" isSetter="false">
              <Summary numSequencePoints="7" visitedSequencePoints="7" numBranchPoints="1" visitedBranchPoints="1" sequenceCoverage="100" branchCoverage="100" maxCyclomaticComplexity="1" minCyclomaticComplexity="1" maxCrapScore="1" minCrapScore="1" visitedClasses="0" numClasses="0" visitedMethods="1" numMethods="1" />
              <MetadataToken>100663297</MetadataToken>
              <Name>System.Void PearsonCorrelationTest.UnitTest1::TestMethod1()</Name>
              <FileRef uid="1" />
              <SequencePoints>
                <SequencePoint vc="1" uspid="1" ordinal="0" offset="0" sl="12" sc="9" el="12" ec="10" bec="0" bev="0" fileid="1" />
                <SequencePoint vc="1" uspid="2" ordinal="1" offset="1" sl="13" sc="13" el="13" ec="62" bec="0" bev="0" fileid="1" />
                <SequencePoint vc="1" uspid="3" ordinal="2" offset="7" sl="14" sc="13" el="14" ec="52" bec="0" bev="0" fileid="1" />
                <SequencePoint vc="1" uspid="4" ordinal="3" offset="25" sl="15" sc="13" el="15" ec="52" bec="0" bev="0" fileid="1" />
                <SequencePoint vc="1" uspid="5" ordinal="4" offset="43" sl="16" sc="13" el="16" ec="73" bec="0" bev="0" fileid="1" />
                <SequencePoint vc="1" uspid="6" ordinal="5" offset="58" sl="18" sc="13" el="18" ec="44" bec="0" bev="0" fileid="1" />
                <SequencePoint vc="1" uspid="7" ordinal="6" offset="74" sl="19" sc="9" el="19" ec="10" bec="0" bev="0" fileid="1" />
              </SequencePoints>
              <BranchPoints />
              <MethodPoint xsi:type="SequencePoint" vc="1" uspid="1" ordinal="0" offset="0" sl="12" sc="9" el="12" ec="10" bec="0" bev="0" fileid="1" />
            </Method>
            <Method visited="true" cyclomaticComplexity="1" nPathComplexity="0" sequenceCoverage="100" branchCoverage="100" crapScore="1" isConstructor="false" isStatic="false" isGetter="false" isSetter="false">
              <Summary numSequencePoints="7" visitedSequencePoints="7" numBranchPoints="1" visitedBranchPoints="1" sequenceCoverage="100" branchCoverage="100" maxCyclomaticComplexity="1" minCyclomaticComplexity="1" maxCrapScore="1" minCrapScore="1" visitedClasses="0" numClasses="0" visitedMethods="1" numMethods="1" />
              <MetadataToken>100663298</MetadataToken>
              <Name>System.Void PearsonCorrelationTest.UnitTest1::TestMethod2()</Name>
              <FileRef uid="1" />
              <SequencePoints>
                <SequencePoint vc="1" uspid="8" ordinal="0" offset="0" sl="22" sc="9" el="22" ec="10" bec="0" bev="0" fileid="1" />
                <SequencePoint vc="1" uspid="9" ordinal="1" offset="1" sl="23" sc="13" el="23" ec="62" bec="0" bev="0" fileid="1" />
                <SequencePoint vc="1" uspid="10" ordinal="2" offset="7" sl="24" sc="13" el="24" ec="59" bec="0" bev="0" fileid="1" />
                <SequencePoint vc="1" uspid="11" ordinal="3" offset="25" sl="25" sc="13" el="25" ec="60" bec="0" bev="0" fileid="1" />
                <SequencePoint vc="1" uspid="12" ordinal="4" offset="43" sl="26" sc="13" el="26" ec="73" bec="0" bev="0" fileid="1" />
                <SequencePoint vc="1" uspid="13" ordinal="5" offset="58" sl="28" sc="13" el="28" ec="43" bec="0" bev="0" fileid="1" />
                <SequencePoint vc="1" uspid="14" ordinal="6" offset="74" sl="29" sc="9" el="29" ec="10" bec="0" bev="0" fileid="1" />
              </SequencePoints>
              <BranchPoints />
              <MethodPoint xsi:type="SequencePoint" vc="1" uspid="8" ordinal="0" offset="0" sl="22" sc="9" el="22" ec="10" bec="0" bev="0" fileid="1" />
            </Method>
            <Method visited="true" cyclomaticComplexity="1" nPathComplexity="0" sequenceCoverage="100" branchCoverage="100" crapScore="1" isConstructor="false" isStatic="false" isGetter="false" isSetter="false">
              <Summary numSequencePoints="7" visitedSequencePoints="7" numBranchPoints="1" visitedBranchPoints="1" sequenceCoverage="100" branchCoverage="100" maxCyclomaticComplexity="1" minCyclomaticComplexity="1" maxCrapScore="1" minCrapScore="1" visitedClasses="0" numClasses="0" visitedMethods="1" numMethods="1" />
              <MetadataToken>100663299</MetadataToken>
              <Name>System.Void PearsonCorrelationTest.UnitTest1::TestMethod3()</Name>
              <FileRef uid="1" />
              <SequencePoints>
                <SequencePoint vc="1" uspid="15" ordinal="0" offset="0" sl="32" sc="9" el="32" ec="10" bec="0" bev="0" fileid="1" />
                <SequencePoint vc="1" uspid="16" ordinal="1" offset="1" sl="33" sc="13" el="33" ec="62" bec="0" bev="0" fileid="1" />
                <SequencePoint vc="1" uspid="17" ordinal="2" offset="7" sl="34" sc="13" el="34" ec="60" bec="0" bev="0" fileid="1" />
                <SequencePoint vc="1" uspid="18" ordinal="3" offset="25" sl="35" sc="13" el="35" ec="52" bec="0" bev="0" fileid="1" />
                <SequencePoint vc="1" uspid="19" ordinal="4" offset="43" sl="36" sc="13" el="36" ec="73" bec="0" bev="0" fileid="1" />
                <SequencePoint vc="1" uspid="20" ordinal="5" offset="58" sl="38" sc="13" el="38" ec="42" bec="0" bev="0" fileid="1" />
                <SequencePoint vc="1" uspid="21" ordinal="6" offset="74" sl="39" sc="9" el="39" ec="10" bec="0" bev="0" fileid="1" />
              </SequencePoints>
              <BranchPoints />
              <MethodPoint xsi:type="SequencePoint" vc="1" uspid="15" ordinal="0" offset="0" sl="32" sc="9" el="32" ec="10" bec="0" bev="0" fileid="1" />
            </Method>
            <Method visited="true" cyclomaticComplexity="1" nPathComplexity="0" sequenceCoverage="100" branchCoverage="100" crapScore="1" isConstructor="false" isStatic="false" isGetter="false" isSetter="false">
              <Summary numSequencePoints="7" visitedSequencePoints="7" numBranchPoints="1" visitedBranchPoints="1" sequenceCoverage="100" branchCoverage="100" maxCyclomaticComplexity="1" minCyclomaticComplexity="1" maxCrapScore="1" minCrapScore="1" visitedClasses="0" numClasses="0" visitedMethods="1" numMethods="1" />
              <MetadataToken>100663300</MetadataToken>
              <Name>System.Void PearsonCorrelationTest.UnitTest1::TestMethod4()</Name>
              <FileRef uid="1" />
              <SequencePoints>
                <SequencePoint vc="1" uspid="22" ordinal="0" offset="0" sl="42" sc="9" el="42" ec="10" bec="0" bev="0" fileid="1" />
                <SequencePoint vc="1" uspid="23" ordinal="1" offset="1" sl="43" sc="13" el="43" ec="62" bec="0" bev="0" fileid="1" />
                <SequencePoint vc="1" uspid="24" ordinal="2" offset="7" sl="44" sc="13" el="44" ec="58" bec="0" bev="0" fileid="1" />
                <SequencePoint vc="1" uspid="25" ordinal="3" offset="25" sl="45" sc="13" el="45" ec="60" bec="0" bev="0" fileid="1" />
                <SequencePoint vc="1" uspid="26" ordinal="4" offset="43" sl="46" sc="13" el="46" ec="73" bec="0" bev="0" fileid="1" />
                <SequencePoint vc="1" uspid="27" ordinal="5" offset="58" sl="48" sc="13" el="48" ec="42" bec="0" bev="0" fileid="1" />
                <SequencePoint vc="1" uspid="28" ordinal="6" offset="74" sl="49" sc="9" el="49" ec="10" bec="0" bev="0" fileid="1" />
              </SequencePoints>
              <BranchPoints />
              <MethodPoint xsi:type="SequencePoint" vc="1" uspid="22" ordinal="0" offset="0" sl="42" sc="9" el="42" ec="10" bec="0" bev="0" fileid="1" />
            </Method>
            <Method visited="true" cyclomaticComplexity="1" nPathComplexity="0" sequenceCoverage="100" branchCoverage="100" crapScore="1" isConstructor="false" isStatic="false" isGetter="false" isSetter="false">
              <Summary numSequencePoints="7" visitedSequencePoints="7" numBranchPoints="1" visitedBranchPoints="1" sequenceCoverage="100" branchCoverage="100" maxCyclomaticComplexity="1" minCyclomaticComplexity="1" maxCrapScore="1" minCrapScore="1" visitedClasses="0" numClasses="0" visitedMethods="1" numMethods="1" />
              <MetadataToken>100663301</MetadataToken>
              <Name>System.Void PearsonCorrelationTest.UnitTest1::TestMethod5()</Name>
              <FileRef uid="1" />
              <SequencePoints>
                <SequencePoint vc="1" uspid="29" ordinal="0" offset="0" sl="52" sc="9" el="52" ec="10" bec="0" bev="0" fileid="1" />
                <SequencePoint vc="1" uspid="30" ordinal="1" offset="1" sl="53" sc="13" el="53" ec="62" bec="0" bev="0" fileid="1" />
                <SequencePoint vc="1" uspid="31" ordinal="2" offset="7" sl="54" sc="13" el="54" ec="52" bec="0" bev="0" fileid="1" />
                <SequencePoint vc="1" uspid="32" ordinal="3" offset="25" sl="55" sc="13" el="55" ec="60" bec="0" bev="0" fileid="1" />
                <SequencePoint vc="1" uspid="33" ordinal="4" offset="43" sl="56" sc="13" el="56" ec="73" bec="0" bev="0" fileid="1" />
                <SequencePoint vc="1" uspid="34" ordinal="5" offset="58" sl="58" sc="13" el="58" ec="43" bec="0" bev="0" fileid="1" />
                <SequencePoint vc="1" uspid="35" ordinal="6" offset="74" sl="59" sc="9" el="59" ec="10" bec="0" bev="0" fileid="1" />
              </SequencePoints>
              <BranchPoints />
              <MethodPoint xsi:type="SequencePoint" vc="1" uspid="29" ordinal="0" offset="0" sl="52" sc="9" el="52" ec="10" bec="0" bev="0" fileid="1" />
            </Method>
            <Method visited="false" cyclomaticComplexity="1" nPathComplexity="0" sequenceCoverage="0" branchCoverage="0" crapScore="2" isConstructor="true" isStatic="false" isGetter="false" isSetter="false">
              <Summary numSequencePoints="0" visitedSequencePoints="0" numBranchPoints="0" visitedBranchPoints="0" sequenceCoverage="0" branchCoverage="0" maxCyclomaticComplexity="1" minCyclomaticComplexity="1" maxCrapScore="2" minCrapScore="2" visitedClasses="0" numClasses="0" visitedMethods="0" numMethods="0" />
              <MetadataToken>100663302</MetadataToken>
              <Name>System.Void PearsonCorrelationTest.UnitTest1::.ctor()</Name>
              <SequencePoints />
              <BranchPoints />
              <MethodPoint vc="0" uspid="36" ordinal="0" offset="0" />
            </Method>
          </Methods>
        </Class>
      </Classes>
    </Module>
    <Module hash="E3-84-99-4A-CD-AD-3D-55-42-BF-03-E7-20-88-07-DE-C6-5B-08-20">
      <Summary numSequencePoints="66" visitedSequencePoints="66" numBranchPoints="20" visitedBranchPoints="20" sequenceCoverage="100" branchCoverage="100" maxCyclomaticComplexity="10" minCyclomaticComplexity="1" maxCrapScore="10" minCrapScore="1" visitedClasses="1" numClasses="1" visitedMethods="2" numMethods="2" />
      <ModulePath>C:\Users\Admin\Desktop\Framework-Projects\Sum\PearsonCorrelationTest\bin\Debug\fine-code-coverage\build-output\CorrelationEngine.dll</ModulePath>
      <ModuleTime>2022-09-27T11:53:58.7224353Z</ModuleTime>
      <ModuleName>CorrelationEngine</ModuleName>
      <Files>
        <File uid="3" fullPath="C:\Users\Admin\Desktop\Framework-Projects\Sum\CorrelationEngine\Design\PearsonRecommender.cs" />
      </Files>
      <Classes>
        <Class>
          <Summary numSequencePoints="66" visitedSequencePoints="66" numBranchPoints="20" visitedBranchPoints="20" sequenceCoverage="100" branchCoverage="100" maxCyclomaticComplexity="10" minCyclomaticComplexity="1" maxCrapScore="10" minCrapScore="1" visitedClasses="1" numClasses="1" visitedMethods="2" numMethods="2" />
          <FullName>CorrelationEngine.PearsonRecommender</FullName>
          <Methods>
            <Method visited="true" cyclomaticComplexity="10" nPathComplexity="512" sequenceCoverage="100" branchCoverage="100" crapScore="10" isConstructor="false" isStatic="false" isGetter="false" isSetter="false">
              <Summary numSequencePoints="61" visitedSequencePoints="61" numBranchPoints="19" visitedBranchPoints="19" sequenceCoverage="100" branchCoverage="100" maxCyclomaticComplexity="10" minCyclomaticComplexity="10" maxCrapScore="10" minCrapScore="10" visitedClasses="0" numClasses="0" visitedMethods="1" numMethods="1" />
              <MetadataToken>100663298</MetadataToken>
              <Name>System.Double CorrelationEngine.PearsonRecommender::GetCorellation(System.Int32[],System.Int32[])</Name>
              <FileRef uid="3" />
              <SequencePoints>
                <SequencePoint vc="5" uspid="37" ordinal="0" offset="0" sl="18" sc="9" el="18" ec="10" bec="0" bev="0" fileid="3" />
                <SequencePoint vc="5" uspid="38" ordinal="1" offset="1" sl="19" sc="13" el="19" ec="38" bec="0" bev="0" fileid="3" />
                <SequencePoint vc="5" uspid="39" ordinal="2" offset="13" sl="20" sc="13" el="20" ec="39" bec="0" bev="0" fileid="3" />
                <SequencePoint vc="5" uspid="40" ordinal="3" offset="25" sl="22" sc="13" el="22" ec="37" bec="0" bev="0" fileid="3" />
                <SequencePoint vc="5" uspid="41" ordinal="4" offset="37" sl="23" sc="13" el="23" ec="37" bec="0" bev="0" fileid="3" />
                <SequencePoint vc="5" uspid="42" ordinal="5" offset="49" sl="26" sc="13" el="26" ec="32" bec="2" bev="2" fileid="3" />
                <SequencePoint vc="1" uspid="43" ordinal="6" offset="59" sl="27" sc="13" el="27" ec="14" bec="0" bev="0" fileid="3" />
                <SequencePoint vc="1" uspid="44" ordinal="7" offset="60" sl="28" sc="17" el="28" ec="46" bec="0" bev="0" fileid="3" />
                <SequencePoint vc="2" uspid="45" ordinal="8" offset="67" sl="30" sc="17" el="30" ec="18" bec="0" bev="0" fileid="3" />
                <SequencePoint vc="2" uspid="46" ordinal="9" offset="68" sl="31" sc="21" el="31" ec="33" bec="0" bev="0" fileid="3" />
                <SequencePoint vc="2" uspid="47" ordinal="10" offset="81" sl="32" sc="21" el="32" ec="45" bec="0" bev="0" fileid="3" />
                <SequencePoint vc="2" uspid="48" ordinal="11" offset="115" sl="33" sc="21" el="33" ec="30" bec="0" bev="0" fileid="3" />
                <SequencePoint vc="2" uspid="49" ordinal="12" offset="121" sl="34" sc="17" el="34" ec="18" bec="0" bev="0" fileid="3" />
                <SequencePoint vc="3" uspid="50" ordinal="13" offset="122" sl="29" sc="17" el="29" ec="35" bec="2" bev="2" fileid="3" />
                <SequencePoint vc="1" uspid="51" ordinal="14" offset="133" sl="35" sc="13" el="35" ec="14" bec="0" bev="0" fileid="3" />
                <SequencePoint vc="4" uspid="52" ordinal="15" offset="136" sl="36" sc="18" el="36" ec="37" bec="2" bev="2" fileid="3" />
                <SequencePoint vc="1" uspid="53" ordinal="16" offset="146" sl="37" sc="13" el="37" ec="14" bec="0" bev="0" fileid="3" />
                <SequencePoint vc="1" uspid="54" ordinal="17" offset="147" sl="38" sc="17" el="38" ec="44" bec="0" bev="0" fileid="3" />
                <SequencePoint vc="2" uspid="55" ordinal="18" offset="154" sl="40" sc="17" el="40" ec="18" bec="0" bev="0" fileid="3" />
                <SequencePoint vc="2" uspid="56" ordinal="19" offset="155" sl="41" sc="21" el="41" ec="28" bec="0" bev="0" fileid="3" />
                <SequencePoint vc="2" uspid="57" ordinal="20" offset="161" sl="42" sc="21" el="42" ec="43" bec="0" bev="0" fileid="3" />
                <SequencePoint vc="2" uspid="58" ordinal="21" offset="174" sl="43" sc="17" el="43" ec="18" bec="0" bev="0" fileid="3" />
                <SequencePoint vc="3" uspid="59" ordinal="22" offset="175" sl="39" sc="17" el="39" ec="32" bec="2" bev="2" fileid="3" />
                <SequencePoint vc="1" uspid="60" ordinal="23" offset="186" sl="44" sc="13" el="44" ec="14" bec="0" bev="0" fileid="3" />
                <SequencePoint vc="5" uspid="61" ordinal="24" offset="187" sl="46" sc="13" el="46" ec="35" bec="2" bev="2" fileid="3" />
                <SequencePoint vc="3" uspid="62" ordinal="25" offset="200" sl="47" sc="13" el="47" ec="14" bec="0" bev="0" fileid="3" />
                <SequencePoint vc="3" uspid="63" ordinal="26" offset="201" sl="48" sc="22" el="48" ec="31" bec="0" bev="0" fileid="3" />
                <SequencePoint vc="13" uspid="64" ordinal="27" offset="206" sl="49" sc="17" el="49" ec="18" bec="0" bev="0" fileid="3" />
                <SequencePoint vc="13" uspid="65" ordinal="28" offset="207" sl="50" sc="21" el="50" ec="54" bec="4" bev="4" fileid="3" />
                <SequencePoint vc="1" uspid="66" ordinal="29" offset="247" sl="51" sc="21" el="51" ec="22" bec="0" bev="0" fileid="3" />
                <SequencePoint vc="1" uspid="67" ordinal="30" offset="248" sl="52" sc="25" el="52" ec="35" bec="0" bev="0" fileid="3" />
                <SequencePoint vc="1" uspid="68" ordinal="31" offset="280" sl="53" sc="25" el="53" ec="35" bec="0" bev="0" fileid="3" />
                <SequencePoint vc="1" uspid="69" ordinal="32" offset="312" sl="54" sc="21" el="54" ec="22" bec="0" bev="0" fileid="3" />
                <SequencePoint vc="13" uspid="70" ordinal="33" offset="313" sl="55" sc="17" el="55" ec="18" bec="0" bev="0" fileid="3" />
                <SequencePoint vc="13" uspid="71" ordinal="34" offset="314" sl="48" sc="45" el="48" ec="48" bec="0" bev="0" fileid="3" />
                <SequencePoint vc="16" uspid="72" ordinal="35" offset="320" sl="48" sc="33" el="48" ec="43" bec="2" bev="2" fileid="3" />
                <SequencePoint vc="3" uspid="73" ordinal="36" offset="331" sl="56" sc="13" el="56" ec="14" bec="0" bev="0" fileid="3" />
                <SequencePoint vc="5" uspid="74" ordinal="37" offset="332" sl="59" sc="18" el="59" ec="27" bec="0" bev="0" fileid="3" />
                <SequencePoint vc="21" uspid="75" ordinal="38" offset="337" sl="60" sc="13" el="60" ec="14" bec="0" bev="0" fileid="3" />
                <SequencePoint vc="21" uspid="76" ordinal="39" offset="338" sl="61" sc="17" el="61" ec="45" bec="0" bev="0" fileid="3" />
                <SequencePoint vc="21" uspid="77" ordinal="40" offset="377" sl="62" sc="17" el="62" ec="45" bec="0" bev="0" fileid="3" />
                <SequencePoint vc="21" uspid="78" ordinal="41" offset="416" sl="63" sc="17" el="63" ec="45" bec="0" bev="0" fileid="3" />
                <SequencePoint vc="21" uspid="79" ordinal="42" offset="455" sl="64" sc="13" el="64" ec="14" bec="0" bev="0" fileid="3" />
                <SequencePoint vc="21" uspid="80" ordinal="43" offset="456" sl="59" sc="41" el="59" ec="44" bec="0" bev="0" fileid="3" />
                <SequencePoint vc="26" uspid="81" ordinal="44" offset="462" sl="59" sc="29" el="59" ec="39" bec="2" bev="2" fileid="3" />
                <SequencePoint vc="5" uspid="82" ordinal="45" offset="476" sl="66" sc="13" el="66" ec="37" bec="0" bev="0" fileid="3" />
                <SequencePoint vc="5" uspid="83" ordinal="46" offset="488" sl="67" sc="13" el="67" ec="36" bec="0" bev="0" fileid="3" />
                <SequencePoint vc="5" uspid="84" ordinal="47" offset="500" sl="68" sc="13" el="68" ec="36" bec="0" bev="0" fileid="3" />
                <SequencePoint vc="5" uspid="85" ordinal="48" offset="513" sl="69" sc="13" el="69" ec="37" bec="0" bev="0" fileid="3" />
                <SequencePoint vc="5" uspid="86" ordinal="49" offset="526" sl="70" sc="13" el="70" ec="37" bec="0" bev="0" fileid="3" />
                <SequencePoint vc="5" uspid="87" ordinal="50" offset="539" sl="74" sc="13" el="74" ec="55" bec="0" bev="0" fileid="3" />
                <SequencePoint vc="5" uspid="88" ordinal="51" offset="550" sl="75" sc="13" el="75" ec="97" bec="0" bev="0" fileid="3" />
                <SequencePoint vc="5" uspid="89" ordinal="52" offset="572" sl="76" sc="13" el="76" ec="36" bec="0" bev="0" fileid="3" />
                <SequencePoint vc="5" uspid="90" ordinal="53" offset="581" sl="77" sc="13" el="77" ec="30" bec="0" bev="0" fileid="3" />
                <SequencePoint vc="5" uspid="91" ordinal="54" offset="588" sl="79" sc="13" el="79" ec="52" bec="0" bev="0" fileid="3" />
                <SequencePoint vc="5" uspid="92" ordinal="55" offset="610" sl="80" sc="13" el="80" ec="50" bec="0" bev="0" fileid="3" />
                <SequencePoint vc="5" uspid="93" ordinal="56" offset="632" sl="81" sc="13" el="81" ec="50" bec="0" bev="0" fileid="3" />
                <SequencePoint vc="5" uspid="94" ordinal="57" offset="655" sl="82" sc="13" el="82" ec="52" bec="0" bev="0" fileid="3" />
                <SequencePoint vc="5" uspid="95" ordinal="58" offset="678" sl="83" sc="13" el="83" ec="52" bec="0" bev="0" fileid="3" />
                <SequencePoint vc="5" uspid="96" ordinal="59" offset="701" sl="87" sc="13" el="87" ec="24" bec="0" bev="0" fileid="3" />
                <SequencePoint vc="5" uspid="97" ordinal="60" offset="707" sl="88" sc="9" el="88" ec="10" bec="0" bev="0" fileid="3" />
              </SequencePoints>
              <BranchPoints>
                <BranchPoint vc="1" uspid="98" ordinal="0" offset="57" sl="26" path="0" offsetend="59" fileid="3" />
                <BranchPoint vc="4" uspid="99" ordinal="1" offset="57" sl="26" path="1" offsetend="136" fileid="3" />
                <BranchPoint vc="1" uspid="100" ordinal="2" offset="131" sl="29" path="0" offsetend="133" fileid="3" />
                <BranchPoint vc="2" uspid="101" ordinal="3" offset="131" sl="29" path="1" offsetend="67" fileid="3" />
                <BranchPoint vc="1" uspid="102" ordinal="4" offset="144" sl="36" path="0" offsetend="146" fileid="3" />
                <BranchPoint vc="3" uspid="103" ordinal="5" offset="144" sl="36" path="1" offsetend="187" fileid="3" />
                <BranchPoint vc="1" uspid="104" ordinal="6" offset="184" sl="39" path="0" offsetend="186" fileid="3" />
                <BranchPoint vc="2" uspid="105" ordinal="7" offset="184" sl="39" path="1" offsetend="154" fileid="3" />
                <BranchPoint vc="3" uspid="106" ordinal="8" offset="195" sl="46" path="0" offsetend="200" fileid="3" />
                <BranchPoint vc="2" uspid="107" ordinal="9" offset="195" sl="46" path="1" offsetend="332" fileid="3" />
                <BranchPoint vc="12" uspid="108" ordinal="10" offset="220" sl="50" path="0" offsetend="222" fileid="3" />
                <BranchPoint vc="1" uspid="109" ordinal="11" offset="220" sl="50" path="1" offsetend="240" fileid="3" />
                <BranchPoint vc="1" uspid="110" ordinal="12" offset="245" sl="50" path="0" offsetend="247" fileid="3" />
                <BranchPoint vc="12" uspid="111" ordinal="13" offset="245" sl="50" path="1" offsetend="313" fileid="3" />
                <BranchPoint vc="3" uspid="112" ordinal="14" offset="329" sl="48" path="0" offsetend="331" fileid="3" />
                <BranchPoint vc="13" uspid="113" ordinal="15" offset="329" sl="48" path="1" offsetend="206" fileid="3" />
                <BranchPoint vc="5" uspid="114" ordinal="16" offset="471" sl="59" path="0" offsetend="476" fileid="3" />
                <BranchPoint vc="21" uspid="115" ordinal="17" offset="471" sl="59" path="1" offsetend="337" fileid="3" />
              </BranchPoints>
              <MethodPoint xsi:type="SequencePoint" vc="5" uspid="37" ordinal="0" offset="0" sl="18" sc="9" el="18" ec="10" bec="0" bev="0" fileid="3" />
            </Method>
            <Method visited="true" cyclomaticComplexity="1" nPathComplexity="0" sequenceCoverage="100" branchCoverage="100" crapScore="1" isConstructor="true" isStatic="false" isGetter="false" isSetter="false">
              <Summary numSequencePoints="5" visitedSequencePoints="5" numBranchPoints="1" visitedBranchPoints="1" sequenceCoverage="100" branchCoverage="100" maxCyclomaticComplexity="1" minCyclomaticComplexity="1" maxCrapScore="1" minCrapScore="1" visitedClasses="0" numClasses="0" visitedMethods="1" numMethods="1" />
              <MetadataToken>100663299</MetadataToken>
              <Name>System.Void CorrelationEngine.PearsonRecommender::.ctor()</Name>
              <FileRef uid="3" />
              <SequencePoints>
                <SequencePoint vc="5" uspid="116" ordinal="0" offset="0" sl="11" sc="9" el="11" ec="42" bec="0" bev="0" fileid="3" />
                <SequencePoint vc="5" uspid="117" ordinal="1" offset="11" sl="12" sc="9" el="12" ec="42" bec="0" bev="0" fileid="3" />
                <SequencePoint vc="5" uspid="118" ordinal="2" offset="22" sl="13" sc="9" el="13" ec="42" bec="0" bev="0" fileid="3" />
                <SequencePoint vc="5" uspid="119" ordinal="3" offset="33" sl="14" sc="9" el="14" ec="42" bec="0" bev="0" fileid="3" />
                <SequencePoint vc="5" uspid="120" ordinal="4" offset="44" sl="15" sc="9" el="15" ec="42" bec="0" bev="0" fileid="3" />
              </SequencePoints>
              <BranchPoints />
              <MethodPoint xsi:type="SequencePoint" vc="5" uspid="116" ordinal="0" offset="0" sl="11" sc="9" el="11" ec="42" bec="0" bev="0" fileid="3" />
            </Method>
          </Methods>
        </Class>
      </Classes>
    </Module>
  </Modules>
</CoverageSession>